<?xml version="1.0" encoding="UTF-8"?>
<testng-results ignored="0" total="2" passed="2" failed="0" skipped="0">
  <reporter-output>
  </reporter-output>
  <suite started-at="2024-10-24T19:47:15 BST" name="Default suite" finished-at="2024-10-24T19:47:16 BST" duration-ms="928">
    <groups>
    </groups>
    <test started-at="2024-10-24T19:47:15 BST" name="Default test" finished-at="2024-10-24T19:47:16 BST" duration-ms="928">
      <class name="Datadriven.drivendata">
        <test-method signature="executeTest()[pri:0, instance:Datadriven.drivendata@49e53c76]" started-at="2024-10-24T19:47:16 BST" name="executeTest" finished-at="2024-10-24T19:47:16 BST" duration-ms="16" status="PASS">
          <reporter-output>
          </reporter-output>
        </test-method> <!-- executeTest -->
        <test-method signature="readexcel()[pri:0, instance:Datadriven.drivendata@49e53c76]" started-at="2024-10-24T19:47:16 BST" name="readexcel" finished-at="2024-10-24T19:47:16 BST" duration-ms="874" status="PASS">
          <reporter-output>
          </reporter-output>
        </test-method> <!-- readexcel -->
      </class> <!-- Datadriven.drivendata -->
    </test> <!-- Default test -->
  </suite> <!-- Default suite -->
</testng-results>
